<?xml version="1.0" encoding="UTF-8"?>
<!-- Generated by org.testng.reporters.JUnitXMLReporter -->
<testsuite ignored="2" hostname="NDI-LAP-138" failures="1" tests="4" name="Regression suite 1" time="69.234" errors="0" timestamp="2022-09-28T16:48:24 IST">
  <testcase classname="testcases.locationTestCase" name="location" time="23.87"/>
  <testcase classname="testcases.locationTestCase" name="location" time="1.172">
    <failure type="org.openqa.selenium.ElementClickInterceptedException" message="element click intercepted: Element &amp;lt;input placeholder=&amp;quot;Search&amp;quot; type=&amp;quot;text&amp;quot; name=&amp;quot;menuQuickSearch[menuQuickSearch]&amp;quot; id=&amp;quot;menuQuickSearch_menuQuickSearch&amp;quot; aria-controls=&amp;quot;menuQuickSearchResultList&amp;quot; aria-autocomplete=&amp;quot;both&amp;quot; aria-activedescendant=&amp;quot;&amp;quot;&amp;gt; is not clickable at point (129, 277). Other element would receive the click: &amp;lt;div class=&amp;quot;lean-overlay&amp;quot; id=&amp;quot;materialize-lean-overlay-1&amp;quot; style=&amp;quot;z-index: 1002; display: block; opacity: 0.5;&amp;quot;&amp;gt;&amp;lt;/div&amp;gt;
  (Session info: chrome=106.0.5249.61)
Build info: version: &amp;apos;3.141.59&amp;apos;, revision: &amp;apos;e82be7d358&amp;apos;, time: &amp;apos;2018-11-14T08:17:03&amp;apos;
System info: host: &amp;apos;NDI-LAP-138&amp;apos;, ip: &amp;apos;192.168.1.3&amp;apos;, os.name: &amp;apos;Windows 10&amp;apos;, os.arch: &amp;apos;amd64&amp;apos;, os.version: &amp;apos;10.0&amp;apos;, java.version: &amp;apos;11.0.16&amp;apos;
Driver info: org.openqa.selenium.chrome.ChromeDriver
Capabilities {acceptInsecureCerts: false, browserName: chrome, browserVersion: 106.0.5249.61, chrome: {chromedriverVersion: 106.0.5249.21 (71f4e2c9a6f3..., userDataDir: C:\Users\PALAK~1.KAN\AppDat...}, goog:chromeOptions: {debuggerAddress: localhost:58289}, javascriptEnabled: true, networkConnectionEnabled: false, pageLoadStrategy: normal, platform: WINDOWS, platformName: WINDOWS, proxy: Proxy(), setWindowRect: true, strictFileInteractability: false, timeouts: {implicit: 0, pageLoad: 300000, script: 30000}, unhandledPromptBehavior: dismiss and notify, webauthn:extension:credBlob: true, webauthn:extension:largeBlob: true, webauthn:virtualAuthenticators: true}
Session ID: d918af0a47e549f66a1e7d7391515011">
      <![CDATA[org.openqa.selenium.ElementClickInterceptedException: element click intercepted: Element <input placeholder="Search" type="text" name="menuQuickSearch[menuQuickSearch]" id="menuQuickSearch_menuQuickSearch" aria-controls="menuQuickSearchResultList" aria-autocomplete="both" aria-activedescendant=""> is not clickable at point (129, 277). Other element would receive the click: <div class="lean-overlay" id="materialize-lean-overlay-1" style="z-index: 1002; display: block; opacity: 0.5;"></div>
  (Session info: chrome=106.0.5249.61)
Build info: version: '3.141.59', revision: 'e82be7d358', time: '2018-11-14T08:17:03'
System info: host: 'NDI-LAP-138', ip: '192.168.1.3', os.name: 'Windows 10', os.arch: 'amd64', os.version: '10.0', java.version: '11.0.16'
Driver info: org.openqa.selenium.chrome.ChromeDriver
Capabilities {acceptInsecureCerts: false, browserName: chrome, browserVersion: 106.0.5249.61, chrome: {chromedriverVersion: 106.0.5249.21 (71f4e2c9a6f3..., userDataDir: C:\Users\PALAK~1.KAN\AppDat...}, goog:chromeOptions: {debuggerAddress: localhost:58289}, javascriptEnabled: true, networkConnectionEnabled: false, pageLoadStrategy: normal, platform: WINDOWS, platformName: WINDOWS, proxy: Proxy(), setWindowRect: true, strictFileInteractability: false, timeouts: {implicit: 0, pageLoad: 300000, script: 30000}, unhandledPromptBehavior: dismiss and notify, webauthn:extension:credBlob: true, webauthn:extension:largeBlob: true, webauthn:virtualAuthenticators: true}
Session ID: d918af0a47e549f66a1e7d7391515011
at org.openqa.selenium.remote.http.W3CHttpResponseCodec.createException(W3CHttpResponseCodec.java:187)
at org.openqa.selenium.remote.http.W3CHttpResponseCodec.decode(W3CHttpResponseCodec.java:122)
at org.openqa.selenium.remote.http.W3CHttpResponseCodec.decode(W3CHttpResponseCodec.java:49)
at org.openqa.selenium.remote.HttpCommandExecutor.execute(HttpCommandExecutor.java:158)
at org.openqa.selenium.remote.service.DriverCommandExecutor.execute(DriverCommandExecutor.java:83)
at org.openqa.selenium.remote.RemoteWebDriver.execute(RemoteWebDriver.java:552)
at org.openqa.selenium.remote.RemoteWebElement.execute(RemoteWebElement.java:285)
at org.openqa.selenium.remote.RemoteWebElement.click(RemoteWebElement.java:84)
at testcases.baseTest.waitAndClick(baseTest.java:108)
at pages.dashboardPage.searchAndClick(dashboardPage.java:26)
at testcases.locationTestCase.location(locationTestCase.java:26)
at java.base/java.util.ArrayList.forEach(ArrayList.java:1541)
... Removed 31 stack frames]]>
    </failure>
  </testcase> <!-- location -->
  <testcase classname="testcases.EmployeeTestCase" name="employee" time="4.171"/>
  <testcase classname="testcases.EmployeeTestCase" name="clearFiltersTest" time="0.581"/>
  <testcase classname="testcases.baseTest" name="@BeforeTest before" time="0.0">
    <ignored/>
  </testcase> <!-- @BeforeTest before -->
  <testcase classname="testcases.baseTest" name="@AfterTest after" time="0.0">
    <ignored/>
  </testcase> <!-- @AfterTest after -->
</testsuite> <!-- Regression suite 1 -->
